<?xml version="1.0" encoding="UTF-8"?>
<testsuite xmlns:xsi="http://www.w3.org/2001/XMLSchema-instance" xsi:noNamespaceSchemaLocation="https://maven.apache.org/surefire/maven-surefire-plugin/xsd/surefire-test-report.xsd" version="3.0.2" name="runner.TestRunner" time="18.885" tests="6" errors="0" skipped="0" failures="0" flakes="0">
  <properties>
[...]
</properties>
  <testcase name="runScenario[&quot;Display all available pet details&quot;, &quot;Pet detailed information&quot;](1)" classname="runner.TestRunner" time="8.457">
    <system-out><![CDATA[
Scenario: Display all available pet details &amp#27;[90m# src/test/resources/features/pet.feature:7&amp#27;[0m
  &amp#27;[32mGiven &amp#27;[0m&amp#27;[32mUser want to access pet details&amp#27;[0m     &amp#27;[90m# stepDefinition.PetDetails.user_want_to_access_pet_details()&amp#27;[0m
  &amp#27;[32mWhen &amp#27;[0m&amp#27;[32mRetrieve all pet details&amp#27;[0m             &amp#27;[90m# stepDefinition.PetDetails.retrieve_all_pet_details()&amp#27;[0m
  &amp#27;[32mThen &amp#27;[0m&amp#27;[32mValidate details are correct&amp#27;[0m         &amp#27;[90m# stepDefinition.PetDetails.validate_details_are_correct()&amp#27;[0m
]]></system-out>
    <system-err><![CDATA[SLF4J(W): No SLF4J providers were found.
SLF4J(W): Defaulting to no-operation (NOP) logger implementation
SLF4J(W): See https://www.slf4j.org/codes.html#noProviders for further details.
]]></system-err>
  </testcase>
  <testcase name="runScenario[&quot;Add new pet details&quot;, &quot;Pet detailed information&quot;](2)" classname="runner.TestRunner" time="2.239">
    <system-out><![CDATA[
Scenario: Add new pet details    &amp#27;[90m# src/test/resources/features/pet.feature:12&amp#27;[0m
  &amp#27;[32mGiven &amp#27;[0m&amp#27;[32mUser has new pet details&amp#27;[0m &amp#27;[90m# stepDefinition.PetDetails.user_has_new_pet_details()&amp#27;[0m
  &amp#27;[32mWhen &amp#27;[0m&amp#27;[32mUser add new pet details&amp#27;[0m  &amp#27;[90m# stepDefinition.PetDetails.user_add_new_pet_details()&amp#27;[0m
  &amp#27;[32mThen &amp#27;[0m&amp#27;[32mPet is successfully added&amp#27;[0m &amp#27;[90m# stepDefinition.PetDetails.pet_is_successfully_added()&amp#27;[0m
]]></system-out>
  </testcase>
  <testcase name="runScenario[&quot;Validate added pet details&quot;, &quot;Pet detailed information&quot;](3)" classname="runner.TestRunner" time="1.073">
    <system-out><![CDATA[
Scenario: Validate added pet details   &amp#27;[90m# src/test/resources/features/pet.feature:17&amp#27;[0m
  &amp#27;[32mGiven &amp#27;[0m&amp#27;[32mUser has added pet ID&amp#27;[0m          &amp#27;[90m# stepDefinition.PetDetails.user_has_added_pet_id()&amp#27;[0m
  &amp#27;[32mWhen &amp#27;[0m&amp#27;[32mget details of added pet&amp#27;[0m        &amp#27;[90m# stepDefinition.PetDetails.get_details_of_added_pet()&amp#27;[0m
  &amp#27;[32mThen &amp#27;[0m&amp#27;[32mPet details should be displayed&amp#27;[0m &amp#27;[90m# stepDefinition.PetDetails.pet_details_should_be_displayed()&amp#27;[0m
]]></system-out>
  </testcase>
  <testcase name="runScenario[&quot;Get PetStore Inventory Details&quot;, &quot;PetStore Inventory&quot;](4)" classname="runner.TestRunner" time="1.256">
    <system-out><![CDATA[
Scenario: Get PetStore Inventory Details &amp#27;[90m# src/test/resources/features/petStore.feature:10&amp#27;[0m
  &amp#27;[32mGiven &amp#27;[0m&amp#27;[32mUser is in Pet Store page&amp#27;[0m        &amp#27;[90m# stepDefinition.StoreDetails.user_is_in_pet_store_page()&amp#27;[0m
  &amp#27;[32mWhen &amp#27;[0m&amp#27;[32mGet inventory Details&amp#27;[0m             &amp#27;[90m# stepDefinition.StoreDetails.get_inventory_details()&amp#27;[0m
{
    "available01": 1,
    "sold": 18,
    "string": 93,
    "pending": 6,
    "available": 819,
    "peric": 2
}
  &amp#27;[32mThen &amp#27;[0m&amp#27;[32mValidate inventory details&amp#27;[0m        &amp#27;[90m# stepDefinition.StoreDetails.validate_inventory_details()&amp#27;[0m
]]></system-out>
  </testcase>
  <testcase name="runScenario[&quot;Place order in PetStore&quot;, &quot;PetStore Inventory&quot;](5)" classname="runner.TestRunner" time="1.735">
    <system-out><![CDATA[
Scenario: Place order in PetStore        &amp#27;[90m# src/test/resources/features/petStore.feature:14&amp#27;[0m
  &amp#27;[32mGiven &amp#27;[0m&amp#27;[32mUser is in Pet Store page&amp#27;[0m        &amp#27;[90m# stepDefinition.StoreDetails.user_is_in_pet_store_page()&amp#27;[0m
  &amp#27;[32mGiven &amp#27;[0m&amp#27;[32mUser has all details of petorder&amp#27;[0m &amp#27;[90m# stepDefinition.StoreDetails.user_has_all_details_of_petorder()&amp#27;[0m
  &amp#27;[32mWhen &amp#27;[0m&amp#27;[32muser place order&amp#27;[0m                  &amp#27;[90m# stepDefinition.StoreDetails.user_place_order()&amp#27;[0m
  &amp#27;[32mThen &amp#27;[0m&amp#27;[32mValidate schema of place order&amp#27;[0m    &amp#27;[90m# stepDefinition.StoreDetails.validate_schema_of_place_order()&amp#27;[0m
]]></system-out>
  </testcase>
  <testcase name="runScenario[&quot;Get placed order details&quot;, &quot;PetStore Inventory&quot;](6)" classname="runner.TestRunner" time="1.396">
    <system-out><![CDATA[
Scenario: Get placed order details &amp#27;[90m# src/test/resources/features/petStore.feature:19&amp#27;[0m
  &amp#27;[32mGiven &amp#27;[0m&amp#27;[32mUser is in Pet Store page&amp#27;[0m  &amp#27;[90m# stepDefinition.StoreDetails.user_is_in_pet_store_page()&amp#27;[0m
  &amp#27;[32mGiven &amp#27;[0m&amp#27;[32mUser has placed orderId&amp#27;[0m    &amp#27;[90m# stepDefinition.StoreDetails.user_has_placed_order_id()&amp#27;[0m
  &amp#27;[32mWhen &amp#27;[0m&amp#27;[32mget orderId&amp#27;[0m                 &amp#27;[90m# stepDefinition.StoreDetails.get_order_id()&amp#27;[0m
  &amp#27;[32mThen &amp#27;[0m&amp#27;[32mValidate orderId status&amp#27;[0m     &amp#27;[90m# stepDefinition.StoreDetails.validate_order_id_status()&amp#27;[0m
]]></system-out>
  </testcase>
</testsuite>