<?xml version="1.0" encoding="UTF-8"?>
<testng-results ignored="0" total="8" passed="8" failed="0" skipped="0">
  <reporter-output>
  </reporter-output>
  <suite started-at="2026-06-28T20:49:27 IST" name="Surefire suite" finished-at="2026-06-28T20:49:45 IST" duration-ms="18028">
    <groups>
      <group name="cucumber">
        <method signature="AbstractTestNGCucumberTests.runScenario(io.cucumber.testng.PickleWrapper,io.cucumber.testng.FeatureWrapper)[pri:0, instance:runner.TestRunner1@291ae]" name="runScenario" class="io.cucumber.testng.AbstractTestNGCucumberTests"/>
        <method signature="AbstractTestNGCucumberTests.runScenario(io.cucumber.testng.PickleWrapper,io.cucumber.testng.FeatureWrapper)[pri:0, instance:runner.TestRunner2@1ea9f6af]" name="runScenario" class="io.cucumber.testng.AbstractTestNGCucumberTests"/>
      </group> <!-- cucumber -->
    </groups>
    <test started-at="2026-06-28T20:49:27 IST" name="Surefire test" finished-at="2026-06-28T20:49:45 IST" duration-ms="18028">
      <class name="runner.TestRunner1">
        <test-method is-config="true" signature="setUpClass(org.testng.ITestContext)[pri:0, instance:runner.TestRunner1@291ae]" started-at="2026-06-28T20:49:27 IST" name="setUpClass" finished-at="2026-06-28T20:49:29 IST" duration-ms="1740" status="PASS">
          <params>
            <param index="0">
              <value>
                <![CDATA[org.testng.TestRunner@69eb1f23]]>
              </value>
            </param>
          </params>
          <reporter-output>
          </reporter-output>
        </test-method> <!-- setUpClass -->
        <test-method signature="runScenario(io.cucumber.testng.PickleWrapper,io.cucumber.testng.FeatureWrapper)[pri:0, instance:runner.TestRunner1@291ae]" started-at="2026-06-28T20:49:29 IST" name="runScenario" description="Runs Cucumber Scenarios" data-provider="scenarios" finished-at="2026-06-28T20:49:29 IST" duration-ms="222" status="PASS">
          <params>
            <param index="0">
              <value>
                <![CDATA["Display all available pet details"]]>
              </value>
            </param>
            <param index="1">
              <value>
                <![CDATA["Pet detailed information"]]>
              </value>
            </param>
          </params>
          <reporter-output>
          </reporter-output>
        </test-method> <!-- runScenario -->
        <test-method signature="runScenario(io.cucumber.testng.PickleWrapper,io.cucumber.testng.FeatureWrapper)[pri:0, instance:runner.TestRunner1@291ae]" started-at="2026-06-28T20:49:29 IST" name="runScenario" description="Runs Cucumber Scenarios" data-provider="scenarios" finished-at="2026-06-28T20:49:29 IST" duration-ms="29" status="PASS">
          <params>
            <param index="0">
              <value>
                <![CDATA["Add new pet details"]]>
              </value>
            </param>
            <param index="1">
              <value>
                <![CDATA["Pet detailed information"]]>
              </value>
            </param>
          </params>
          <reporter-output>
          </reporter-output>
        </test-method> <!-- runScenario -->
        <test-method signature="runScenario(io.cucumber.testng.PickleWrapper,io.cucumber.testng.FeatureWrapper)[pri:0, instance:runner.TestRunner1@291ae]" started-at="2026-06-28T20:49:29 IST" name="runScenario" description="Runs Cucumber Scenarios" data-provider="scenarios" finished-at="2026-06-28T20:49:29 IST" duration-ms="35" status="PASS">
          <params>
            <param index="0">
              <value>
                <![CDATA["Validate added pet details"]]>
              </value>
            </param>
            <param index="1">
              <value>
                <![CDATA["Pet detailed information"]]>
              </value>
            </param>
          </params>
          <reporter-output>
          </reporter-output>
        </test-method> <!-- runScenario -->
        <test-method signature="runScenario(io.cucumber.testng.PickleWrapper,io.cucumber.testng.FeatureWrapper)[pri:0, instance:runner.TestRunner1@291ae]" started-at="2026-06-28T20:49:29 IST" name="runScenario" description="Runs Cucumber Scenarios" data-provider="scenarios" finished-at="2026-06-28T20:49:29 IST" duration-ms="28" status="PASS">
          <params>
            <param index="0">
              <value>
                <![CDATA["Get PetStore Inventory Details"]]>
              </value>
            </param>
            <param index="1">
              <value>
                <![CDATA["PetStore Inventory"]]>
              </value>
            </param>
          </params>
          <reporter-output>
          </reporter-output>
        </test-method> <!-- runScenario -->
        <test-method signature="runScenario(io.cucumber.testng.PickleWrapper,io.cucumber.testng.FeatureWrapper)[pri:0, instance:runner.TestRunner1@291ae]" started-at="2026-06-28T20:49:29 IST" name="runScenario" description="Runs Cucumber Scenarios" data-provider="scenarios" finished-at="2026-06-28T20:49:29 IST" duration-ms="36" status="PASS">
          <params>
            <param index="0">
              <value>
                <![CDATA["Place order in PetStore"]]>
              </value>
            </param>
            <param index="1">
              <value>
                <![CDATA["PetStore Inventory"]]>
              </value>
            </param>
          </params>
          <reporter-output>
          </reporter-output>
        </test-method> <!-- runScenario -->
        <test-method signature="runScenario(io.cucumber.testng.PickleWrapper,io.cucumber.testng.FeatureWrapper)[pri:0, instance:runner.TestRunner1@291ae]" started-at="2026-06-28T20:49:29 IST" name="runScenario" description="Runs Cucumber Scenarios" data-provider="scenarios" finished-at="2026-06-28T20:49:29 IST" duration-ms="18" status="PASS">
          <params>
            <param index="0">
              <value>
                <![CDATA["Get placed order details"]]>
              </value>
            </param>
            <param index="1">
              <value>
                <![CDATA["PetStore Inventory"]]>
              </value>
            </param>
          </params>
          <reporter-output>
          </reporter-output>
        </test-method> <!-- runScenario -->
        <test-method is-config="true" signature="tearDownClass()[pri:0, instance:runner.TestRunner1@291ae]" started-at="2026-06-28T20:49:29 IST" name="tearDownClass" finished-at="2026-06-28T20:49:30 IST" duration-ms="302" status="PASS">
          <reporter-output>
          </reporter-output>
        </test-method> <!-- tearDownClass -->
      </class> <!-- runner.TestRunner1 -->
      <class name="runner.TestRunner2">
        <test-method is-config="true" signature="setUpClass(org.testng.ITestContext)[pri:0, instance:runner.TestRunner2@1ea9f6af]" started-at="2026-06-28T20:49:30 IST" name="setUpClass" finished-at="2026-06-28T20:49:30 IST" duration-ms="62" status="PASS">
          <params>
            <param index="0">
              <value>
                <![CDATA[org.testng.TestRunner@69eb1f23]]>
              </value>
            </param>
          </params>
          <reporter-output>
          </reporter-output>
        </test-method> <!-- setUpClass -->
        <test-method signature="runScenario(io.cucumber.testng.PickleWrapper,io.cucumber.testng.FeatureWrapper)[pri:0, instance:runner.TestRunner2@1ea9f6af]" started-at="2026-06-28T20:49:30 IST" name="runScenario" description="Runs Cucumber Scenarios" data-provider="scenarios" finished-at="2026-06-28T20:49:43 IST" duration-ms="13673" status="PASS">
          <params>
            <param index="0">
              <value>
                <![CDATA["Create new user"]]>
              </value>
            </param>
            <param index="1">
              <value>
                <![CDATA["User Model Information"]]>
              </value>
            </param>
          </params>
          <reporter-output>
          </reporter-output>
        </test-method> <!-- runScenario -->
        <test-method signature="runScenario(io.cucumber.testng.PickleWrapper,io.cucumber.testng.FeatureWrapper)[pri:0, instance:runner.TestRunner2@1ea9f6af]" started-at="2026-06-28T20:49:43 IST" name="runScenario" description="Runs Cucumber Scenarios" data-provider="scenarios" finished-at="2026-06-28T20:49:45 IST" duration-ms="1619" status="PASS">
          <params>
            <param index="0">
              <value>
                <![CDATA["New User able to login"]]>
              </value>
            </param>
            <param index="1">
              <value>
                <![CDATA["User Model Information"]]>
              </value>
            </param>
          </params>
          <reporter-output>
          </reporter-output>
        </test-method> <!-- runScenario -->
        <test-method is-config="true" signature="tearDownClass()[pri:0, instance:runner.TestRunner2@1ea9f6af]" started-at="2026-06-28T20:49:45 IST" name="tearDownClass" finished-at="2026-06-28T20:49:45 IST" duration-ms="84" status="PASS">
          <reporter-output>
          </reporter-output>
        </test-method> <!-- tearDownClass -->
      </class> <!-- runner.TestRunner2 -->
    </test> <!-- Surefire test -->
  </suite> <!-- Surefire suite -->
</testng-results>
