<?xml version="1.0" encoding="UTF-8"?>
<testng-results ignored="0" total="6" passed="6" failed="0" skipped="0">
  <reporter-output>
  </reporter-output>
  <suite started-at="2026-06-23T19:28:50 IST" name="Default suite" finished-at="2026-06-23T19:29:09 IST" duration-ms="18848">
    <groups>
      <group name="cucumber">
        <method signature="AbstractTestNGCucumberTests.runScenario(io.cucumber.testng.PickleWrapper,io.cucumber.testng.FeatureWrapper)[pri:0, instance:runner.TestRunner@1040be71]" name="runScenario" class="io.cucumber.testng.AbstractTestNGCucumberTests"/>
      </group> <!-- cucumber -->
    </groups>
    <test started-at="2026-06-23T19:28:50 IST" name="Default test" finished-at="2026-06-23T19:29:09 IST" duration-ms="18848">
      <class name="runner.TestRunner">
        <test-method is-config="true" signature="setUpClass(org.testng.ITestContext)[pri:0, instance:runner.TestRunner@1040be71]" started-at="2026-06-23T19:28:50 IST" name="setUpClass" finished-at="2026-06-23T19:28:52 IST" duration-ms="1260" status="PASS">
          <params>
            <param index="0">
              <value>
                <![CDATA[org.testng.TestRunner@18209303]]>
              </value>
            </param>
          </params>
          <reporter-output>
          </reporter-output>
        </test-method> <!-- setUpClass -->
        <test-method signature="runScenario(io.cucumber.testng.PickleWrapper,io.cucumber.testng.FeatureWrapper)[pri:0, instance:runner.TestRunner@1040be71]" started-at="2026-06-23T19:28:52 IST" name="runScenario" description="Runs Cucumber Scenarios" data-provider="scenarios" finished-at="2026-06-23T19:29:01 IST" duration-ms="9350" status="PASS">
          <params>
            <param index="0">
              <value>
                <![CDATA["Display all available pet details"]]>
              </value>
            </param>
            <param index="1">
              <value>
                <![CDATA["Pet detailed information"]]>
              </value>
            </param>
          </params>
          <reporter-output>
          </reporter-output>
        </test-method> <!-- runScenario -->
        <test-method signature="runScenario(io.cucumber.testng.PickleWrapper,io.cucumber.testng.FeatureWrapper)[pri:0, instance:runner.TestRunner@1040be71]" started-at="2026-06-23T19:29:01 IST" name="runScenario" description="Runs Cucumber Scenarios" data-provider="scenarios" finished-at="2026-06-23T19:29:03 IST" duration-ms="2432" status="PASS">
          <params>
            <param index="0">
              <value>
                <![CDATA["Add new pet details"]]>
              </value>
            </param>
            <param index="1">
              <value>
                <![CDATA["Pet detailed information"]]>
              </value>
            </param>
          </params>
          <reporter-output>
          </reporter-output>
        </test-method> <!-- runScenario -->
        <test-method signature="runScenario(io.cucumber.testng.PickleWrapper,io.cucumber.testng.FeatureWrapper)[pri:0, instance:runner.TestRunner@1040be71]" started-at="2026-06-23T19:29:03 IST" name="runScenario" description="Runs Cucumber Scenarios" data-provider="scenarios" finished-at="2026-06-23T19:29:04 IST" duration-ms="998" status="PASS">
          <params>
            <param index="0">
              <value>
                <![CDATA["Validate added pet details"]]>
              </value>
            </param>
            <param index="1">
              <value>
                <![CDATA["Pet detailed information"]]>
              </value>
            </param>
          </params>
          <reporter-output>
          </reporter-output>
        </test-method> <!-- runScenario -->
        <test-method signature="runScenario(io.cucumber.testng.PickleWrapper,io.cucumber.testng.FeatureWrapper)[pri:0, instance:runner.TestRunner@1040be71]" started-at="2026-06-23T19:29:04 IST" name="runScenario" description="Runs Cucumber Scenarios" data-provider="scenarios" finished-at="2026-06-23T19:29:06 IST" duration-ms="1360" status="PASS">
          <params>
            <param index="0">
              <value>
                <![CDATA["Get PetStore Inventory Details"]]>
              </value>
            </param>
            <param index="1">
              <value>
                <![CDATA["PetStore Inventory"]]>
              </value>
            </param>
          </params>
          <reporter-output>
          </reporter-output>
        </test-method> <!-- runScenario -->
        <test-method signature="runScenario(io.cucumber.testng.PickleWrapper,io.cucumber.testng.FeatureWrapper)[pri:0, instance:runner.TestRunner@1040be71]" started-at="2026-06-23T19:29:06 IST" name="runScenario" description="Runs Cucumber Scenarios" data-provider="scenarios" finished-at="2026-06-23T19:29:07 IST" duration-ms="1372" status="PASS">
          <params>
            <param index="0">
              <value>
                <![CDATA["Place order in PetStore"]]>
              </value>
            </param>
            <param index="1">
              <value>
                <![CDATA["PetStore Inventory"]]>
              </value>
            </param>
          </params>
          <reporter-output>
          </reporter-output>
        </test-method> <!-- runScenario -->
        <test-method signature="runScenario(io.cucumber.testng.PickleWrapper,io.cucumber.testng.FeatureWrapper)[pri:0, instance:runner.TestRunner@1040be71]" started-at="2026-06-23T19:29:07 IST" name="runScenario" description="Runs Cucumber Scenarios" data-provider="scenarios" finished-at="2026-06-23T19:29:09 IST" duration-ms="1793" status="PASS">
          <params>
            <param index="0">
              <value>
                <![CDATA["Get placed order details"]]>
              </value>
            </param>
            <param index="1">
              <value>
                <![CDATA["PetStore Inventory"]]>
              </value>
            </param>
          </params>
          <reporter-output>
          </reporter-output>
        </test-method> <!-- runScenario -->
        <test-method is-config="true" signature="tearDownClass()[pri:0, instance:runner.TestRunner@1040be71]" started-at="2026-06-23T19:29:09 IST" name="tearDownClass" finished-at="2026-06-23T19:29:09 IST" duration-ms="187" status="PASS">
          <reporter-output>
          </reporter-output>
        </test-method> <!-- tearDownClass -->
      </class> <!-- runner.TestRunner -->
    </test> <!-- Default test -->
  </suite> <!-- Default suite -->
</testng-results>
