<?xml version="1.0" encoding="UTF-8"?>
<!-- Generated by org.testng.reporters.JUnitReportReporter -->
<testsuite hostname="LIN24004771" failures="0" tests="8" name="runner.TestRunner" time="0.337" errors="0" timestamp="2026-06-27T22:12:46 IST" skipped="0">
  <testcase classname="runner.TestRunner" name="runScenario" time="0.020"/>
  <testcase classname="runner.TestRunner" name="runScenario" time="0.017"/>
  <testcase classname="runner.TestRunner" name="runScenario" time="0.016"/>
  <testcase classname="runner.TestRunner" name="runScenario" time="0.010"/>
  <testcase classname="runner.TestRunner" name="runScenario" time="0.215"/>
  <testcase classname="runner.TestRunner" name="runScenario" time="0.014"/>
  <testcase classname="runner.TestRunner" name="runScenario" time="0.021"/>
  <testcase classname="runner.TestRunner" name="runScenario" time="0.024"/>
</testsuite> <!-- runner.TestRunner -->
