<?xml version="1.0" encoding="UTF-8"?>
<!-- Generated by org.testng.reporters.JUnitReportReporter -->
<testsuite hostname="LIN24004771" failures="0" tests="6" name="runner.TestRunner" time="17.305" errors="0" timestamp="2026-06-23T19:29:10 IST" skipped="0">
  <testcase classname="runner.TestRunner" name="runScenario" time="1.360"/>
  <testcase classname="runner.TestRunner" name="runScenario" time="1.372"/>
  <testcase classname="runner.TestRunner" name="runScenario" time="2.432"/>
  <testcase classname="runner.TestRunner" name="runScenario" time="1.793"/>
  <testcase classname="runner.TestRunner" name="runScenario" time="0.998"/>
  <testcase classname="runner.TestRunner" name="runScenario" time="9.350"/>
</testsuite> <!-- runner.TestRunner -->
