<?xml version="1.0" encoding="UTF-8"?>
<!-- Generated by org.testng.reporters.JUnitReportReporter -->
<testsuite hostname="LIN24004771" failures="0" tests="6" name="runner.TestRunner1" time="0.368" errors="0" timestamp="2026-06-28T20:49:45 IST" skipped="0">
  <testcase classname="runner.TestRunner1" name="runScenario" time="0.035"/>
  <testcase classname="runner.TestRunner1" name="runScenario" time="0.222"/>
  <testcase classname="runner.TestRunner1" name="runScenario" time="0.018"/>
  <testcase classname="runner.TestRunner1" name="runScenario" time="0.028"/>
  <testcase classname="runner.TestRunner1" name="runScenario" time="0.036"/>
  <testcase classname="runner.TestRunner1" name="runScenario" time="0.029"/>
</testsuite> <!-- runner.TestRunner1 -->
