<?xml version="1.0" encoding="UTF-8"?>
<!-- Generated by org.testng.reporters.JUnitReportReporter -->
<testsuite hostname="LIN24004771" failures="0" tests="6" name="runner.TestRunner" time="16.181" errors="0" timestamp="2026-06-24T13:34:21 IST" skipped="0">
  <testcase classname="runner.TestRunner" name="runScenario" time="8.456"/>
  <testcase classname="runner.TestRunner" name="runScenario" time="1.262"/>
  <testcase classname="runner.TestRunner" name="runScenario" time="1.073"/>
  <testcase classname="runner.TestRunner" name="runScenario" time="2.250"/>
  <testcase classname="runner.TestRunner" name="runScenario" time="1.742"/>
  <testcase classname="runner.TestRunner" name="runScenario" time="1.398"/>
</testsuite> <!-- runner.TestRunner -->
